# JRE version: OpenJDK Runtime Environment (Red_Hat-17.0.8.0.7-1) (17.0.8+7) (build 17.0.8+7-LTS)
# Java VM: OpenJDK 64-Bit Server VM (Red_Hat-17.0.8.0.7-1) (17.0.8+7-LTS, mixed mode, sharing, tiered, compressed oops, compressed class ptrs, g1 gc, linux-amd64)
GC Precious Log:
 CPUs: 18 total, 18 available
 Memory: 124G
 Large Page Support: Disabled
 NUMA Support: Disabled
 Compressed Oops: Enabled (Zero based)
 Heap Region Size: 16M
 Heap Min Capacity: 16M
 Heap Initial Capacity: 2000M
 Heap Max Capacity: 30688M
 Pre-touch: Disabled
 Parallel Workers: 14
 Concurrent Workers: 4
 Concurrent Refinement Workers: 14
 Periodic GC: Disabled
Heap:
 garbage-first heap   total 229376K, used 110573K [0x0000000082000000, 0x0000000800000000)
  region size 16384K, 6 young (98304K), 1 survivors (16384K)
 Metaspace       used 67794K, committed 68416K, reserved 1114112K
  class space    used 9285K, committed 9600K, reserved 1048576K
GC Heap History (20 events):
Event: 0.463 GC heap before
{Heap before GC invocations=0 (full 0):
 garbage-first heap   total 2080768K, used 114668K [0x0000000082000000, 0x0000000800000000)
  region size 16384K, 6 young (98304K), 0 survivors (0K)
 Metaspace       used 6230K, committed 6400K, reserved 1114112K
  class space    used 729K, committed 832K, reserved 1048576K
}
Event: 0.465 GC heap after
{Heap after GC invocations=1 (full 0):
 garbage-first heap   total 2080768K, used 20300K [0x0000000082000000, 0x0000000800000000)
  region size 16384K, 1 young (16384K), 1 survivors (16384K)
 Metaspace       used 6230K, committed 6400K, reserved 1114112K
  class space    used 729K, committed 832K, reserved 1048576K
}
Event: 0.691 GC heap before
{Heap before GC invocations=1 (full 0):
 garbage-first heap   total 2080768K, used 102220K [0x0000000082000000, 0x0000000800000000)
  region size 16384K, 6 young (98304K), 1 survivors (16384K)
 Metaspace       used 10699K, committed 10944K, reserved 1114112K
  class space    used 1345K, committed 1472K, reserved 1048576K
}
Event: 0.693 GC heap after
{Heap after GC invocations=2 (full 0):
 garbage-first heap   total 2080768K, used 21415K [0x0000000082000000, 0x0000000800000000)
  region size 16384K, 1 young (16384K), 1 survivors (16384K)
 Metaspace       used 10699K, committed 10944K, reserved 1114112K
  class space    used 1345K, committed 1472K, reserved 1048576K
}
Event: 1.056 GC heap before
{Heap before GC invocations=2 (full 0):
 garbage-first heap   total 2080768K, used 168871K [0x0000000082000000, 0x0000000800000000)
  region size 16384K, 11 young (180224K), 1 survivors (16384K)
 Metaspace       used 21254K, committed 21504K, reserved 1114112K
  class space    used 2665K, committed 2816K, reserved 1048576K
}
Event: 1.060 GC heap after
{Heap after GC invocations=3 (full 0):
 garbage-first heap   total 2080768K, used 25526K [0x0000000082000000, 0x0000000800000000)
  region size 16384K, 1 young (16384K), 1 survivors (16384K)
 Metaspace       used 21254K, committed 21504K, reserved 1114112K
  class space    used 2665K, committed 2816K, reserved 1048576K
}
Event: 1.723 GC heap before
{Heap before GC invocations=4 (full 0):
 garbage-first heap   total 229376K, used 172982K [0x0000000082000000, 0x0000000800000000)
  region size 16384K, 11 young (180224K), 1 survivors (16384K)
 Metaspace       used 27047K, committed 27328K, reserved 1114112K
  class space    used 3425K, committed 3584K, reserved 1048576K
}
Event: 1.728 GC heap after
{Heap after GC invocations=5 (full 0):
 garbage-first heap   total 229376K, used 29527K [0x0000000082000000, 0x0000000800000000)
  region size 16384K, 1 young (16384K), 1 survivors (16384K)
 Metaspace       used 27047K, committed 27328K, reserved 1114112K
  class space    used 3425K, committed 3584K, reserved 1048576K
}
Event: 2.249 GC heap before
{Heap before GC invocations=5 (full 0):
 garbage-first heap   total 229376K, used 144215K [0x0000000082000000, 0x0000000800000000)
  region size 16384K, 8 young (131072K), 1 survivors (16384K)
 Metaspace       used 32127K, committed 32512K, reserved 1114112K
  class space    used 4179K, committed 4352K, reserved 1048576K
}
Event: 2.260 GC heap after
{Heap after GC invocations=6 (full 0):
 garbage-first heap   total 229376K, used 31995K [0x0000000082000000, 0x0000000800000000)
  region size 16384K, 1 young (16384K), 1 survivors (16384K)
 Metaspace       used 32127K, committed 32512K, reserved 1114112K
  class space    used 4179K, committed 4352K, reserved 1048576K
}
Event: 2.520 GC heap before
{Heap before GC invocations=6 (full 0):
 garbage-first heap   total 229376K, used 81147K [0x0000000082000000, 0x0000000800000000)
  region size 16384K, 5 young (81920K), 1 survivors (16384K)
 Metaspace       used 35722K, committed 36096K, reserved 1114112K
  class space    used 4657K, committed 4864K, reserved 1048576K
}
Event: 2.524 GC heap after
{Heap after GC invocations=7 (full 0):
 garbage-first heap   total 229376K, used 34659K [0x0000000082000000, 0x0000000800000000)
  region size 16384K, 1 young (16384K), 1 survivors (16384K)
 Metaspace       used 35722K, committed 36096K, reserved 1114112K
  class space    used 4657K, committed 4864K, reserved 1048576K
}
Event: 2.918 GC heap before
{Heap before GC invocations=8 (full 0):
 garbage-first heap   total 229376K, used 149347K [0x0000000082000000, 0x0000000800000000)
  region size 16384K, 8 young (131072K), 1 survivors (16384K)
 Metaspace       used 42145K, committed 42624K, reserved 1114112K
  class space    used 5653K, committed 5888K, reserved 1048576K
}
Event: 2.922 GC heap after
{Heap after GC invocations=9 (full 0):
 garbage-first heap   total 229376K, used 36507K [0x0000000082000000, 0x0000000800000000)
  region size 16384K, 1 young (16384K), 1 survivors (16384K)
 Metaspace       used 42145K, committed 42624K, reserved 1114112K
  class space    used 5653K, committed 5888K, reserved 1048576K
}
Event: 3.490 GC heap before
{Heap before GC invocations=9 (full 0):
 garbage-first heap   total 229376K, used 151195K [0x0000000082000000, 0x0000000800000000)
  region size 16384K, 8 young (131072K), 1 survivors (16384K)
 Metaspace       used 53654K, committed 54144K, reserved 1114112K
  class space    used 7216K, committed 7424K, reserved 1048576K
}
Event: 3.493 GC heap after
{Heap after GC invocations=10 (full 0):
 garbage-first heap   total 229376K, used 39433K [0x0000000082000000, 0x0000000800000000)
  region size 16384K, 1 young (16384K), 1 survivors (16384K)
 Metaspace       used 53654K, committed 54144K, reserved 1114112K
  class space    used 7216K, committed 7424K, reserved 1048576K
}
Event: 3.938 GC heap before
{Heap before GC invocations=10 (full 0):
 garbage-first heap   total 229376K, used 137737K [0x0000000082000000, 0x0000000800000000)
  region size 16384K, 8 young (131072K), 1 survivors (16384K)
 Metaspace       used 59903K, committed 60416K, reserved 1114112K
  class space    used 8194K, committed 8448K, reserved 1048576K
}
Event: 3.941 GC heap after
{Heap after GC invocations=11 (full 0):
 garbage-first heap   total 229376K, used 41789K [0x0000000082000000, 0x0000000800000000)
  region size 16384K, 1 young (16384K), 1 survivors (16384K)
 Metaspace       used 59903K, committed 60416K, reserved 1114112K
  class space    used 8194K, committed 8448K, reserved 1048576K
}
Event: 4.463 GC heap before
{Heap before GC invocations=12 (full 0):
 garbage-first heap   total 229376K, used 140093K [0x0000000082000000, 0x0000000800000000)
  region size 16384K, 8 young (131072K), 1 survivors (16384K)
 Metaspace       used 65452K, committed 66048K, reserved 1114112K
  class space    used 8998K, committed 9280K, reserved 1048576K
}
Event: 4.471 GC heap after
{Heap after GC invocations=13 (full 0):
 garbage-first heap   total 229376K, used 45037K [0x0000000082000000, 0x0000000800000000)
  region size 16384K, 1 young (16384K), 1 survivors (16384K)
 Metaspace       used 65452K, committed 66048K, reserved 1114112K
  class space    used 8998K, committed 9280K, reserved 1048576K
}

